# JRE version: OpenJDK Runtime Environment (11.0.29+7) (build 11.0.29+7-post-Ubuntu-1ubuntu124.04)
# Java VM: OpenJDK 64-Bit Server VM (11.0.29+7-post-Ubuntu-1ubuntu124.04, mixed mode, sharing, tiered, compressed oops, g1 gc, linux-amd64)
Heap:
 garbage-first heap   total 1040384K, used 131238K [0x0000000413400000, 0x0000000800000000)
  region size 4096K, 5 young (20480K), 4 survivors (16384K)
 Metaspace       used 20397K, capacity 21174K, committed 21552K, reserved 1069056K
  class space    used 2274K, capacity 2600K, committed 2688K, reserved 1048576K
GC Heap History (16 events):
Event: 3.686 GC heap before
{Heap before GC invocations=0 (full 0):
 garbage-first heap   total 1040384K, used 49872K [0x0000000413400000, 0x0000000800000000)
  region size 4096K, 12 young (49152K), 0 survivors (0K)
 Metaspace       used 9227K, capacity 9509K, committed 9600K, reserved 1058816K
  class space    used 988K, capacity 1130K, committed 1152K, reserved 1048576K
}
Event: 3.694 GC heap after
{Heap after GC invocations=1 (full 0):
 garbage-first heap   total 1040384K, used 5220K [0x0000000413400000, 0x0000000800000000)
  region size 4096K, 2 young (8192K), 2 survivors (8192K)
 Metaspace       used 9227K, capacity 9509K, committed 9600K, reserved 1058816K
  class space    used 988K, capacity 1130K, committed 1152K, reserved 1048576K
}
Event: 6.264 GC heap before
{Heap before GC invocations=1 (full 0):
 garbage-first heap   total 1040384K, used 87140K [0x0000000413400000, 0x0000000800000000)
  region size 4096K, 12 young (49152K), 2 survivors (8192K)
 Metaspace       used 9342K, capacity 9638K, committed 9856K, reserved 1058816K
  class space    used 991K, capacity 1130K, committed 1152K, reserved 1048576K
}
Event: 6.268 GC heap after
{Heap after GC invocations=2 (full 0):
 garbage-first heap   total 1040384K, used 5398K [0x0000000413400000, 0x0000000800000000)
  region size 4096K, 1 young (4096K), 1 survivors (4096K)
 Metaspace       used 9342K, capacity 9638K, committed 9856K, reserved 1058816K
  class space    used 991K, capacity 1130K, committed 1152K, reserved 1048576K
}
Event: 18.191 GC heap before
{Heap before GC invocations=2 (full 0):
 garbage-first heap   total 1040384K, used 226582K [0x0000000413400000, 0x0000000800000000)
  region size 4096K, 53 young (217088K), 1 survivors (4096K)
 Metaspace       used 13175K, capacity 13818K, committed 13952K, reserved 1060864K
  class space    used 1423K, capacity 1661K, committed 1664K, reserved 1048576K
}
Event: 18.198 GC heap after
{Heap after GC invocations=3 (full 0):
 garbage-first heap   total 1040384K, used 17648K [0x0000000413400000, 0x0000000800000000)
  region size 4096K, 4 young (16384K), 4 survivors (16384K)
 Metaspace       used 13175K, capacity 13818K, committed 13952K, reserved 1060864K
  class space    used 1423K, capacity 1661K, committed 1664K, reserved 1048576K
}
Event: 19.279 GC heap before
{Heap before GC invocations=3 (full 0):
 garbage-first heap   total 1040384K, used 414960K [0x0000000413400000, 0x0000000800000000)
  region size 4096K, 102 young (417792K), 4 survivors (16384K)
 Metaspace       used 13749K, capacity 14362K, committed 14592K, reserved 1062912K
  class space    used 1443K, capacity 1693K, committed 1792K, reserved 1048576K
}
Event: 19.296 GC heap after
{Heap after GC invocations=4 (full 0):
 garbage-first heap   total 1040384K, used 62273K [0x0000000413400000, 0x0000000800000000)
  region size 4096K, 13 young (53248K), 13 survivors (53248K)
 Metaspace       used 13749K, capacity 14362K, committed 14592K, reserved 1062912K
  class space    used 1443K, capacity 1693K, committed 1792K, reserved 1048576K
}
Event: 19.980 GC heap before
{Heap before GC invocations=4 (full 0):
 garbage-first heap   total 1040384K, used 312129K [0x0000000413400000, 0x0000000800000000)
  region size 4096K, 74 young (303104K), 13 survivors (53248K)
 Metaspace       used 13756K, capacity 14362K, committed 14592K, reserved 1062912K
  class space    used 1443K, capacity 1693K, committed 1792K, reserved 1048576K
}
Event: 19.992 GC heap after
{Heap after GC invocations=5 (full 0):
 garbage-first heap   total 1040384K, used 81557K [0x0000000413400000, 0x0000000800000000)
  region size 4096K, 5 young (20480K), 5 survivors (20480K)
 Metaspace       used 13756K, capacity 14362K, committed 14592K, reserved 1062912K
  class space    used 1443K, capacity 1693K, committed 1792K, reserved 1048576K
}
Event: 20.494 GC heap before
{Heap before GC invocations=5 (full 0):
 garbage-first heap   total 1040384K, used 335509K [0x0000000413400000, 0x0000000800000000)
  region size 4096K, 67 young (274432K), 5 survivors (20480K)
 Metaspace       used 13758K, capacity 14362K, committed 14592K, reserved 1062912K
  class space    used 1443K, capacity 1693K, committed 1792K, reserved 1048576K
}
Event: 20.500 GC heap after
{Heap after GC invocations=6 (full 0):
 garbage-first heap   total 1040384K, used 97752K [0x0000000413400000, 0x0000000800000000)
  region size 4096K, 9 young (36864K), 9 survivors (36864K)
 Metaspace       used 13758K, capacity 14362K, committed 14592K, reserved 1062912K
  class space    used 1443K, capacity 1693K, committed 1792K, reserved 1048576K
}
Event: 20.919 GC heap before
{Heap before GC invocations=6 (full 0):
 garbage-first heap   total 1040384K, used 343512K [0x0000000413400000, 0x0000000800000000)
  region size 4096K, 69 young (282624K), 9 survivors (36864K)
 Metaspace       used 13760K, capacity 14362K, committed 14592K, reserved 1062912K
  class space    used 1443K, capacity 1693K, committed 1792K, reserved 1048576K
}
Event: 20.927 GC heap after
{Heap after GC invocations=7 (full 0):
 garbage-first heap   total 1040384K, used 110813K [0x0000000413400000, 0x0000000800000000)
  region size 4096K, 8 young (32768K), 8 survivors (32768K)
 Metaspace       used 13760K, capacity 14362K, committed 14592K, reserved 1062912K
  class space    used 1443K, capacity 1693K, committed 1792K, reserved 1048576K
}
Event: 26.408 GC heap before
{Heap before GC invocations=7 (full 0):
 garbage-first heap   total 1040384K, used 299229K [0x0000000413400000, 0x0000000800000000)
  region size 4096K, 46 young (188416K), 8 survivors (32768K)
 Metaspace       used 20376K, capacity 21107K, committed 21296K, reserved 1069056K
  class space    used 2269K, capacity 2599K, committed 2688K, reserved 1048576K
}
Event: 26.416 GC heap after
{Heap after GC invocations=8 (full 0):
 garbage-first heap   total 1040384K, used 131238K [0x0000000413400000, 0x0000000800000000)
  region size 4096K, 4 young (16384K), 4 survivors (16384K)
 Metaspace       used 20376K, capacity 21107K, committed 21296K, reserved 1069056K
  class space    used 2269K, capacity 2599K, committed 2688K, reserved 1048576K
}

